# JRE version: OpenJDK Runtime Environment (17.0.10) (build 17.0.10+0--11609105)
# Java VM: OpenJDK 64-Bit Server VM (17.0.10+0--11609105, mixed mode, tiered, compressed oops, compressed class ptrs, g1 gc, windows-amd64)
GC Precious Log:
 CPUs: 8 total, 8 available
 Memory: 16273M
 Large Page Support: Disabled
 NUMA Support: Disabled
 Compressed Oops: Enabled (32-bit)
 Heap Region Size: 1M
 Heap Min Capacity: 8M
 Heap Initial Capacity: 256M
 Heap Max Capacity: 2G
 Pre-touch: Disabled
 Parallel Workers: 8
 Concurrent Workers: 2
 Concurrent Refinement Workers: 8
 Periodic GC: Disabled
Heap:
 garbage-first heap   total 262144K, used 94453K [0x0000000080000000, 0x0000000100000000)
  region size 1024K, 5 young (5120K), 5 survivors (5120K)
 Metaspace       used 99459K, committed 100160K, reserved 1179648K
  class space    used 13682K, committed 14016K, reserved 1048576K
GC Heap History (20 events):
Event: 14.720 GC heap after
{Heap after GC invocations=34 (full 0):
 garbage-first heap   total 142336K, used 74760K [0x0000000080000000, 0x0000000100000000)
  region size 1024K, 6 young (6144K), 6 survivors (6144K)
 Metaspace       used 87632K, committed 88320K, reserved 1179648K
  class space    used 12132K, committed 12480K, reserved 1048576K
}
Event: 14.732 GC heap before
{Heap before GC invocations=34 (full 0):
 garbage-first heap   total 142336K, used 75784K [0x0000000080000000, 0x0000000100000000)
  region size 1024K, 7 young (7168K), 6 survivors (6144K)
 Metaspace       used 87681K, committed 88384K, reserved 1179648K
  class space    used 12140K, committed 12480K, reserved 1048576K
}
Event: 14.737 GC heap after
{Heap after GC invocations=35 (full 0):
 garbage-first heap   total 142336K, used 74408K [0x0000000080000000, 0x0000000100000000)
  region size 1024K, 1 young (1024K), 1 survivors (1024K)
 Metaspace       used 87681K, committed 88384K, reserved 1179648K
  class space    used 12140K, committed 12480K, reserved 1048576K
}
Event: 15.317 GC heap before
{Heap before GC invocations=35 (full 0):
 garbage-first heap   total 142336K, used 117416K [0x0000000080000000, 0x0000000100000000)
  region size 1024K, 43 young (44032K), 1 survivors (1024K)
 Metaspace       used 91787K, committed 92544K, reserved 1179648K
  class space    used 12750K, committed 13120K, reserved 1048576K
}
Event: 15.320 GC heap after
{Heap after GC invocations=36 (full 0):
 garbage-first heap   total 142336K, used 75341K [0x0000000080000000, 0x0000000100000000)
  region size 1024K, 2 young (2048K), 2 survivors (2048K)
 Metaspace       used 91787K, committed 92544K, reserved 1179648K
  class space    used 12750K, committed 13120K, reserved 1048576K
}
Event: 15.857 GC heap before
{Heap before GC invocations=37 (full 0):
 garbage-first heap   total 142336K, used 117325K [0x0000000080000000, 0x0000000100000000)
  region size 1024K, 44 young (45056K), 2 survivors (2048K)
 Metaspace       used 94425K, committed 95104K, reserved 1179648K
  class space    used 13069K, committed 13376K, reserved 1048576K
}
Event: 15.863 GC heap after
{Heap after GC invocations=38 (full 0):
 garbage-first heap   total 142336K, used 80176K [0x0000000080000000, 0x0000000100000000)
  region size 1024K, 6 young (6144K), 6 survivors (6144K)
 Metaspace       used 94425K, committed 95104K, reserved 1179648K
  class space    used 13069K, committed 13376K, reserved 1048576K
}
Event: 15.870 GC heap before
{Heap before GC invocations=38 (full 0):
 garbage-first heap   total 142336K, used 81200K [0x0000000080000000, 0x0000000100000000)
  region size 1024K, 7 young (7168K), 6 survivors (6144K)
 Metaspace       used 94439K, committed 95104K, reserved 1179648K
  class space    used 13070K, committed 13376K, reserved 1048576K
}
Event: 15.874 GC heap after
{Heap after GC invocations=39 (full 0):
 garbage-first heap   total 171008K, used 80226K [0x0000000080000000, 0x0000000100000000)
  region size 1024K, 1 young (1024K), 1 survivors (1024K)
 Metaspace       used 94439K, committed 95104K, reserved 1179648K
  class space    used 13070K, committed 13376K, reserved 1048576K
}
Event: 16.604 GC heap before
{Heap before GC invocations=39 (full 0):
 garbage-first heap   total 171008K, used 143714K [0x0000000080000000, 0x0000000100000000)
  region size 1024K, 58 young (59392K), 1 survivors (1024K)
 Metaspace       used 97672K, committed 98368K, reserved 1179648K
  class space    used 13436K, committed 13760K, reserved 1048576K
}
Event: 16.612 GC heap after
{Heap after GC invocations=40 (full 0):
 garbage-first heap   total 171008K, used 86911K [0x0000000080000000, 0x0000000100000000)
  region size 1024K, 8 young (8192K), 8 survivors (8192K)
 Metaspace       used 97672K, committed 98368K, reserved 1179648K
  class space    used 13436K, committed 13760K, reserved 1048576K
}
Event: 16.853 GC heap before
{Heap before GC invocations=40 (full 0):
 garbage-first heap   total 171008K, used 138111K [0x0000000080000000, 0x0000000100000000)
  region size 1024K, 58 young (59392K), 8 survivors (8192K)
 Metaspace       used 97784K, committed 98560K, reserved 1179648K
  class space    used 13438K, committed 13824K, reserved 1048576K
}
Event: 16.860 GC heap after
{Heap after GC invocations=41 (full 0):
 garbage-first heap   total 171008K, used 88564K [0x0000000080000000, 0x0000000100000000)
  region size 1024K, 4 young (4096K), 4 survivors (4096K)
 Metaspace       used 97784K, committed 98560K, reserved 1179648K
  class space    used 13438K, committed 13824K, reserved 1048576K
}
Event: 17.327 GC heap before
{Heap before GC invocations=41 (full 0):
 garbage-first heap   total 171008K, used 138740K [0x0000000080000000, 0x0000000100000000)
  region size 1024K, 54 young (55296K), 4 survivors (4096K)
 Metaspace       used 98512K, committed 99200K, reserved 1179648K
  class space    used 13542K, committed 13888K, reserved 1048576K
}
Event: 17.333 GC heap after
{Heap after GC invocations=42 (full 0):
 garbage-first heap   total 171008K, used 90304K [0x0000000080000000, 0x0000000100000000)
  region size 1024K, 6 young (6144K), 6 survivors (6144K)
 Metaspace       used 98512K, committed 99200K, reserved 1179648K
  class space    used 13542K, committed 13888K, reserved 1048576K
}
Event: 17.736 GC heap before
{Heap before GC invocations=43 (full 0):
 garbage-first heap   total 171008K, used 139456K [0x0000000080000000, 0x0000000100000000)
  region size 1024K, 54 young (55296K), 6 survivors (6144K)
 Metaspace       used 98691K, committed 99392K, reserved 1179648K
  class space    used 13557K, committed 13888K, reserved 1048576K
}
Event: 17.742 GC heap after
{Heap after GC invocations=44 (full 0):
 garbage-first heap   total 171008K, used 92306K [0x0000000080000000, 0x0000000100000000)
  region size 1024K, 5 young (5120K), 5 survivors (5120K)
 Metaspace       used 98691K, committed 99392K, reserved 1179648K
  class space    used 13557K, committed 13888K, reserved 1048576K
}
Event: 17.752 GC heap before
{Heap before GC invocations=44 (full 0):
 garbage-first heap   total 171008K, used 95378K [0x0000000080000000, 0x0000000100000000)
  region size 1024K, 8 young (8192K), 5 survivors (5120K)
 Metaspace       used 98692K, committed 99392K, reserved 1179648K
  class space    used 13557K, committed 13888K, reserved 1048576K
}
Event: 17.756 GC heap after
{Heap after GC invocations=45 (full 0):
 garbage-first heap   total 171008K, used 90489K [0x0000000080000000, 0x0000000100000000)
  region size 1024K, 1 young (1024K), 1 survivors (1024K)
 Metaspace       used 98692K, committed 99392K, reserved 1179648K
  class space    used 13557K, committed 13888K, reserved 1048576K
}
Event: 18.082 GC heap before
{Heap before GC invocations=45 (full 0):
 garbage-first heap   total 171008K, used 138617K [0x0000000080000000, 0x0000000100000000)
  region size 1024K, 49 young (50176K), 1 survivors (1024K)
 Metaspace       used 99459K, committed 100160K, reserved 1179648K
  class space    used 13682K, committed 14016K, reserved 1048576K
}

