# JRE version: OpenJDK Runtime Environment (17.0.10) (build 17.0.10+0--11609105)
# Java VM: OpenJDK 64-Bit Server VM (17.0.10+0--11609105, mixed mode, tiered, compressed oops, compressed class ptrs, g1 gc, windows-amd64)
GC Precious Log:
 CPUs: 8 total, 8 available
 Memory: 16273M
 Large Page Support: Disabled
 NUMA Support: Disabled
 Compressed Oops: Enabled (32-bit)
 Heap Region Size: 1M
 Heap Min Capacity: 8M
 Heap Initial Capacity: 256M
 Heap Max Capacity: 2G
 Pre-touch: Disabled
 Parallel Workers: 8
 Concurrent Workers: 2
 Concurrent Refinement Workers: 8
 Periodic GC: Disabled
Heap:
 garbage-first heap   total 444416K, used 318853K [0x0000000080000000, 0x0000000100000000)
  region size 1024K, 81 young (82944K), 17 survivors (17408K)
 Metaspace       used 221570K, committed 222848K, reserved 1245184K
  class space    used 29547K, committed 30144K, reserved 1048576K
GC Heap History (20 events):
Event: 395.552 GC heap before
{Heap before GC invocations=78 (full 0):
 garbage-first heap   total 360448K, used 315166K [0x0000000080000000, 0x0000000100000000)
  region size 1024K, 82 young (83968K), 11 survivors (11264K)
 Metaspace       used 211904K, committed 213184K, reserved 1245184K
  class space    used 28423K, committed 29056K, reserved 1048576K
}
Event: 395.566 GC heap after
{Heap after GC invocations=79 (full 0):
 garbage-first heap   total 360448K, used 246753K [0x0000000080000000, 0x0000000100000000)
  region size 1024K, 10 young (10240K), 10 survivors (10240K)
 Metaspace       used 211904K, committed 213184K, reserved 1245184K
  class space    used 28423K, committed 29056K, reserved 1048576K
}
Event: 396.629 GC heap before
{Heap before GC invocations=79 (full 0):
 garbage-first heap   total 360448K, used 302049K [0x0000000080000000, 0x0000000100000000)
  region size 1024K, 65 young (66560K), 10 survivors (10240K)
 Metaspace       used 213944K, committed 215232K, reserved 1245184K
  class space    used 28698K, committed 29312K, reserved 1048576K
}
Event: 396.639 GC heap after
{Heap after GC invocations=80 (full 0):
 garbage-first heap   total 360448K, used 250675K [0x0000000080000000, 0x0000000100000000)
  region size 1024K, 5 young (5120K), 5 survivors (5120K)
 Metaspace       used 213944K, committed 215232K, reserved 1245184K
  class space    used 28698K, committed 29312K, reserved 1048576K
}
Event: 397.283 GC heap before
{Heap before GC invocations=81 (full 0):
 garbage-first heap   total 444416K, used 297779K [0x0000000080000000, 0x0000000100000000)
  region size 1024K, 51 young (52224K), 5 survivors (5120K)
 Metaspace       used 213944K, committed 215232K, reserved 1245184K
  class space    used 28698K, committed 29312K, reserved 1048576K
}
Event: 397.289 GC heap after
{Heap after GC invocations=82 (full 0):
 garbage-first heap   total 444416K, used 251896K [0x0000000080000000, 0x0000000100000000)
  region size 1024K, 4 young (4096K), 4 survivors (4096K)
 Metaspace       used 213944K, committed 215232K, reserved 1245184K
  class space    used 28698K, committed 29312K, reserved 1048576K
}
Event: 397.454 GC heap before
{Heap before GC invocations=82 (full 0):
 garbage-first heap   total 444416K, used 269304K [0x0000000080000000, 0x0000000100000000)
  region size 1024K, 21 young (21504K), 4 survivors (4096K)
 Metaspace       used 213944K, committed 215232K, reserved 1245184K
  class space    used 28698K, committed 29312K, reserved 1048576K
}
Event: 397.468 GC heap after
{Heap after GC invocations=83 (full 0):
 garbage-first heap   total 444416K, used 226832K [0x0000000080000000, 0x0000000100000000)
  region size 1024K, 3 young (3072K), 3 survivors (3072K)
 Metaspace       used 213944K, committed 215232K, reserved 1245184K
  class space    used 28698K, committed 29312K, reserved 1048576K
}
Event: 399.389 GC heap before
{Heap before GC invocations=83 (full 0):
 garbage-first heap   total 444416K, used 359952K [0x0000000080000000, 0x0000000100000000)
  region size 1024K, 133 young (136192K), 3 survivors (3072K)
 Metaspace       used 213945K, committed 215232K, reserved 1245184K
  class space    used 28698K, committed 29312K, reserved 1048576K
}
Event: 399.394 GC heap after
{Heap after GC invocations=84 (full 0):
 garbage-first heap   total 444416K, used 230218K [0x0000000080000000, 0x0000000100000000)
  region size 1024K, 6 young (6144K), 6 survivors (6144K)
 Metaspace       used 213945K, committed 215232K, reserved 1245184K
  class space    used 28698K, committed 29312K, reserved 1048576K
}
Event: 401.314 GC heap before
{Heap before GC invocations=84 (full 0):
 garbage-first heap   total 444416K, used 366410K [0x0000000080000000, 0x0000000100000000)
  region size 1024K, 139 young (142336K), 6 survivors (6144K)
 Metaspace       used 213945K, committed 215232K, reserved 1245184K
  class space    used 28698K, committed 29312K, reserved 1048576K
}
Event: 401.322 GC heap after
{Heap after GC invocations=85 (full 0):
 garbage-first heap   total 444416K, used 234949K [0x0000000080000000, 0x0000000100000000)
  region size 1024K, 11 young (11264K), 11 survivors (11264K)
 Metaspace       used 213945K, committed 215232K, reserved 1245184K
  class space    used 28698K, committed 29312K, reserved 1048576K
}
Event: 402.883 GC heap before
{Heap before GC invocations=85 (full 0):
 garbage-first heap   total 444416K, used 370117K [0x0000000080000000, 0x0000000100000000)
  region size 1024K, 143 young (146432K), 11 survivors (11264K)
 Metaspace       used 213945K, committed 215232K, reserved 1245184K
  class space    used 28698K, committed 29312K, reserved 1048576K
}
Event: 402.892 GC heap after
{Heap after GC invocations=86 (full 0):
 garbage-first heap   total 444416K, used 239305K [0x0000000080000000, 0x0000000100000000)
  region size 1024K, 11 young (11264K), 11 survivors (11264K)
 Metaspace       used 213945K, committed 215232K, reserved 1245184K
  class space    used 28698K, committed 29312K, reserved 1048576K
}
Event: 404.663 GC heap before
{Heap before GC invocations=86 (full 0):
 garbage-first heap   total 444416K, used 373449K [0x0000000080000000, 0x0000000100000000)
  region size 1024K, 142 young (145408K), 11 survivors (11264K)
 Metaspace       used 213945K, committed 215232K, reserved 1245184K
  class space    used 28698K, committed 29312K, reserved 1048576K
}
Event: 404.671 GC heap after
{Heap after GC invocations=87 (full 0):
 garbage-first heap   total 444416K, used 243396K [0x0000000080000000, 0x0000000100000000)
  region size 1024K, 11 young (11264K), 11 survivors (11264K)
 Metaspace       used 213945K, committed 215232K, reserved 1245184K
  class space    used 28698K, committed 29312K, reserved 1048576K
}
Event: 406.108 GC heap before
{Heap before GC invocations=87 (full 0):
 garbage-first heap   total 444416K, used 374468K [0x0000000080000000, 0x0000000100000000)
  region size 1024K, 139 young (142336K), 11 survivors (11264K)
 Metaspace       used 213945K, committed 215232K, reserved 1245184K
  class space    used 28698K, committed 29312K, reserved 1048576K
}
Event: 406.117 GC heap after
{Heap after GC invocations=88 (full 0):
 garbage-first heap   total 444416K, used 246969K [0x0000000080000000, 0x0000000100000000)
  region size 1024K, 10 young (10240K), 10 survivors (10240K)
 Metaspace       used 213945K, committed 215232K, reserved 1245184K
  class space    used 28698K, committed 29312K, reserved 1048576K
}
Event: 407.976 GC heap before
{Heap before GC invocations=88 (full 0):
 garbage-first heap   total 444416K, used 378041K [0x0000000080000000, 0x0000000100000000)
  region size 1024K, 137 young (140288K), 10 survivors (10240K)
 Metaspace       used 219632K, committed 220864K, reserved 1245184K
  class space    used 29307K, committed 29888K, reserved 1048576K
}
Event: 407.991 GC heap after
{Heap after GC invocations=89 (full 0):
 garbage-first heap   total 444416K, used 254341K [0x0000000080000000, 0x0000000100000000)
  region size 1024K, 17 young (17408K), 17 survivors (17408K)
 Metaspace       used 219632K, committed 220864K, reserved 1245184K
  class space    used 29307K, committed 29888K, reserved 1048576K
}

