# JRE version: OpenJDK Runtime Environment (17.0.10) (build 17.0.10+0--11609105)
# Java VM: OpenJDK 64-Bit Server VM (17.0.10+0--11609105, mixed mode, tiered, compressed oops, compressed class ptrs, g1 gc, windows-amd64)
GC Precious Log:
 CPUs: 8 total, 8 available
 Memory: 16273M
 Large Page Support: Disabled
 NUMA Support: Disabled
 Compressed Oops: Enabled (32-bit)
 Heap Region Size: 1M
 Heap Min Capacity: 8M
 Heap Initial Capacity: 256M
 Heap Max Capacity: 2G
 Pre-touch: Disabled
 Parallel Workers: 8
 Concurrent Workers: 2
 Concurrent Refinement Workers: 8
 Periodic GC: Disabled
Heap:
 garbage-first heap   total 262144K, used 116303K [0x0000000080000000, 0x0000000100000000)
  region size 1024K, 3 young (3072K), 3 survivors (3072K)
 Metaspace       used 105481K, committed 106240K, reserved 1179648K
  class space    used 14398K, committed 14784K, reserved 1048576K
GC Heap History (20 events):
Event: 14.760 GC heap after
{Heap after GC invocations=33 (full 0):
 garbage-first heap   total 172032K, used 77194K [0x0000000080000000, 0x0000000100000000)
  region size 1024K, 8 young (8192K), 8 survivors (8192K)
 Metaspace       used 91073K, committed 91776K, reserved 1179648K
  class space    used 12653K, committed 13056K, reserved 1048576K
}
Event: 15.385 GC heap before
{Heap before GC invocations=33 (full 0):
 garbage-first heap   total 172032K, used 125322K [0x0000000080000000, 0x0000000100000000)
  region size 1024K, 57 young (58368K), 8 survivors (8192K)
 Metaspace       used 94946K, committed 95616K, reserved 1179648K
  class space    used 13102K, committed 13440K, reserved 1048576K
}
Event: 15.395 GC heap after
{Heap after GC invocations=34 (full 0):
 garbage-first heap   total 172032K, used 83147K [0x0000000080000000, 0x0000000100000000)
  region size 1024K, 9 young (9216K), 9 survivors (9216K)
 Metaspace       used 94946K, committed 95616K, reserved 1179648K
  class space    used 13102K, committed 13440K, reserved 1048576K
}
Event: 16.166 GC heap before
{Heap before GC invocations=35 (full 0):
 garbage-first heap   total 172032K, used 141515K [0x0000000080000000, 0x0000000100000000)
  region size 1024K, 62 young (63488K), 9 survivors (9216K)
 Metaspace       used 97807K, committed 98496K, reserved 1179648K
  class space    used 13452K, committed 13760K, reserved 1048576K
}
Event: 16.176 GC heap after
{Heap after GC invocations=36 (full 0):
 garbage-first heap   total 172032K, used 89441K [0x0000000080000000, 0x0000000100000000)
  region size 1024K, 7 young (7168K), 7 survivors (7168K)
 Metaspace       used 97807K, committed 98496K, reserved 1179648K
  class space    used 13452K, committed 13760K, reserved 1048576K
}
Event: 16.180 GC heap before
{Heap before GC invocations=36 (full 0):
 garbage-first heap   total 172032K, used 90465K [0x0000000080000000, 0x0000000100000000)
  region size 1024K, 8 young (8192K), 7 survivors (7168K)
 Metaspace       used 97807K, committed 98496K, reserved 1179648K
  class space    used 13452K, committed 13760K, reserved 1048576K
}
Event: 16.186 GC heap after
{Heap after GC invocations=37 (full 0):
 garbage-first heap   total 172032K, used 88236K [0x0000000080000000, 0x0000000100000000)
  region size 1024K, 1 young (1024K), 1 survivors (1024K)
 Metaspace       used 97807K, committed 98496K, reserved 1179648K
  class space    used 13452K, committed 13760K, reserved 1048576K
}
Event: 16.444 GC heap before
{Heap before GC invocations=37 (full 0):
 garbage-first heap   total 172032K, used 137388K [0x0000000080000000, 0x0000000100000000)
  region size 1024K, 49 young (50176K), 1 survivors (1024K)
 Metaspace       used 97921K, committed 98624K, reserved 1179648K
  class space    used 13455K, committed 13760K, reserved 1048576K
}
Event: 16.447 GC heap after
{Heap after GC invocations=38 (full 0):
 garbage-first heap   total 172032K, used 90331K [0x0000000080000000, 0x0000000100000000)
  region size 1024K, 4 young (4096K), 4 survivors (4096K)
 Metaspace       used 97921K, committed 98624K, reserved 1179648K
  class space    used 13455K, committed 13760K, reserved 1048576K
}
Event: 17.335 GC heap before
{Heap before GC invocations=39 (full 0):
 garbage-first heap   total 172032K, used 139483K [0x0000000080000000, 0x0000000100000000)
  region size 1024K, 51 young (52224K), 4 survivors (4096K)
 Metaspace       used 100209K, committed 100864K, reserved 1179648K
  class space    used 13776K, committed 14080K, reserved 1048576K
}
Event: 17.346 GC heap after
{Heap after GC invocations=40 (full 0):
 garbage-first heap   total 172032K, used 104568K [0x0000000080000000, 0x0000000100000000)
  region size 1024K, 7 young (7168K), 7 survivors (7168K)
 Metaspace       used 100209K, committed 100864K, reserved 1179648K
  class space    used 13776K, committed 14080K, reserved 1048576K
}
Event: 17.350 GC heap before
{Heap before GC invocations=40 (full 0):
 garbage-first heap   total 172032K, used 105592K [0x0000000080000000, 0x0000000100000000)
  region size 1024K, 8 young (8192K), 7 survivors (7168K)
 Metaspace       used 100211K, committed 100864K, reserved 1179648K
  class space    used 13776K, committed 14080K, reserved 1048576K
}
Event: 17.356 GC heap after
{Heap after GC invocations=41 (full 0):
 garbage-first heap   total 172032K, used 104448K [0x0000000080000000, 0x0000000100000000)
  region size 1024K, 1 young (1024K), 1 survivors (1024K)
 Metaspace       used 100211K, committed 100864K, reserved 1179648K
  class space    used 13776K, committed 14080K, reserved 1048576K
}
Event: 17.768 GC heap before
{Heap before GC invocations=41 (full 0):
 garbage-first heap   total 172032K, used 131072K [0x0000000080000000, 0x0000000100000000)
  region size 1024K, 28 young (28672K), 1 survivors (1024K)
 Metaspace       used 102056K, committed 102848K, reserved 1179648K
  class space    used 14020K, committed 14400K, reserved 1048576K
}
Event: 17.772 GC heap after
{Heap after GC invocations=42 (full 0):
 garbage-first heap   total 172032K, used 108544K [0x0000000080000000, 0x0000000100000000)
  region size 1024K, 4 young (4096K), 4 survivors (4096K)
 Metaspace       used 102056K, committed 102848K, reserved 1179648K
  class space    used 14020K, committed 14400K, reserved 1048576K
}
Event: 18.185 GC heap before
{Heap before GC invocations=42 (full 0):
 garbage-first heap   total 172032K, used 151552K [0x0000000080000000, 0x0000000100000000)
  region size 1024K, 30 young (30720K), 4 survivors (4096K)
 Metaspace       used 103736K, committed 104448K, reserved 1179648K
  class space    used 14207K, committed 14528K, reserved 1048576K
}
Event: 18.191 GC heap after
{Heap after GC invocations=43 (full 0):
 garbage-first heap   total 172032K, used 112348K [0x0000000080000000, 0x0000000100000000)
  region size 1024K, 4 young (4096K), 4 survivors (4096K)
 Metaspace       used 103736K, committed 104448K, reserved 1179648K
  class space    used 14207K, committed 14528K, reserved 1048576K
}
Event: 18.441 GC heap before
{Heap before GC invocations=43 (full 0):
 garbage-first heap   total 172032K, used 135900K [0x0000000080000000, 0x0000000100000000)
  region size 1024K, 28 young (28672K), 4 survivors (4096K)
 Metaspace       used 105170K, committed 105920K, reserved 1179648K
  class space    used 14364K, committed 14720K, reserved 1048576K
}
Event: 18.449 GC heap after
{Heap after GC invocations=44 (full 0):
 garbage-first heap   total 172032K, used 115310K [0x0000000080000000, 0x0000000100000000)
  region size 1024K, 3 young (3072K), 3 survivors (3072K)
 Metaspace       used 105170K, committed 105920K, reserved 1179648K
  class space    used 14364K, committed 14720K, reserved 1048576K
}
Event: 18.657 GC heap before
{Heap before GC invocations=44 (full 0):
 garbage-first heap   total 172032K, used 138862K [0x0000000080000000, 0x0000000100000000)
  region size 1024K, 27 young (27648K), 3 survivors (3072K)
 Metaspace       used 105481K, committed 106240K, reserved 1179648K
  class space    used 14398K, committed 14784K, reserved 1048576K
}

